2024-10-04 13:22:54,706 DEBUG    root            Loaded Command Group: ['gcloud', 'components']
2024-10-04 13:22:54,709 DEBUG    root            Loaded Command Group: ['gcloud', 'components', 'update']
2024-10-04 13:22:54,711 DEBUG    root            Running [gcloud.components.update] with arguments: [--quiet: "True", COMPONENT-IDS:8: "['gcloud', 'core', 'bq', 'gsutil', 'compute', 'preview', 'alpha', 'beta']"]
2024-10-04 13:22:54,712 INFO     ___FILE_ONLY___ Beginning update. This process may take several minutes.

2024-10-04 13:22:54,721 DEBUG    urllib3.connectionpool Starting new HTTPS connection (1): dl.google.com:443
2024-10-04 13:22:54,784 DEBUG    urllib3.connectionpool https://dl.google.com:443 "GET /dl/cloudsdk/channels/rapid/components-2.json HTTP/1.1" 200 227002
2024-10-04 13:22:54,804 WARNING  root            Component [preview] no longer exists.
2024-10-04 13:22:54,805 WARNING  root            Component [compute] no longer exists.
2024-10-04 13:22:54,806 INFO     ___FILE_ONLY___ 

2024-10-04 13:22:54,807 INFO     ___FILE_ONLY___ 
Your current Google Cloud CLI version is: 495.0.0

2024-10-04 13:22:54,807 INFO     ___FILE_ONLY___ Installing components from version: 495.0.0

2024-10-04 13:22:54,807 INFO     ___FILE_ONLY___ 

2024-10-04 13:22:54,807 DEBUG    root            Chosen display Format:table[box,title="These components will be removed."](details.display_name:label=Name:align=left,version.version_string:label=Version:align=right,data.size.size(zero="",min=1048576):label=Size:align=right)
2024-10-04 13:22:54,808 DEBUG    root            Chosen display Format:table[box,title="These components will be updated."](details.display_name:label=Name:align=left,version.version_string:label=Version:align=right,data.size.size(zero="",min=1048576):label=Size:align=right)
2024-10-04 13:22:54,809 DEBUG    root            Chosen display Format:table[box,title="These components will be installed."](details.display_name:label=Name:align=left,version.version_string:label=Version:align=right,data.size.size(zero="",min=1048576):label=Size:align=right)
2024-10-04 13:22:54,829 INFO     ___FILE_ONLY___ ┌──────────────────────────────────────────────┐
2024-10-04 13:22:54,829 INFO     ___FILE_ONLY___ 

2024-10-04 13:22:54,829 INFO     ___FILE_ONLY___ │     These components will be installed.      │
2024-10-04 13:22:54,829 INFO     ___FILE_ONLY___ 

2024-10-04 13:22:54,829 INFO     ___FILE_ONLY___ ├───────────────────────┬────────────┬─────────┤
2024-10-04 13:22:54,829 INFO     ___FILE_ONLY___ 

2024-10-04 13:22:54,830 INFO     ___FILE_ONLY___ │          Name         │  Version   │   Size  │
2024-10-04 13:22:54,830 INFO     ___FILE_ONLY___ 

2024-10-04 13:22:54,830 INFO     ___FILE_ONLY___ ├───────────────────────┼────────────┼─────────┤
2024-10-04 13:22:54,830 INFO     ___FILE_ONLY___ 

2024-10-04 13:22:54,830 INFO     ___FILE_ONLY___ │ 
2024-10-04 13:22:54,830 INFO     ___FILE_ONLY___ gcloud Alpha Commands
2024-10-04 13:22:54,830 INFO     ___FILE_ONLY___  
2024-10-04 13:22:54,830 INFO     ___FILE_ONLY___ │ 
2024-10-04 13:22:54,830 INFO     ___FILE_ONLY___ 2024.09.27
2024-10-04 13:22:54,830 INFO     ___FILE_ONLY___  
2024-10-04 13:22:54,830 INFO     ___FILE_ONLY___ │ 
2024-10-04 13:22:54,830 INFO     ___FILE_ONLY___ < 1 MiB
2024-10-04 13:22:54,830 INFO     ___FILE_ONLY___  
2024-10-04 13:22:54,830 INFO     ___FILE_ONLY___ │
2024-10-04 13:22:54,830 INFO     ___FILE_ONLY___ 

2024-10-04 13:22:54,831 INFO     ___FILE_ONLY___ │ 
2024-10-04 13:22:54,831 INFO     ___FILE_ONLY___ gcloud Beta Commands 
2024-10-04 13:22:54,831 INFO     ___FILE_ONLY___  
2024-10-04 13:22:54,831 INFO     ___FILE_ONLY___ │ 
2024-10-04 13:22:54,831 INFO     ___FILE_ONLY___ 2024.09.27
2024-10-04 13:22:54,831 INFO     ___FILE_ONLY___  
2024-10-04 13:22:54,831 INFO     ___FILE_ONLY___ │ 
2024-10-04 13:22:54,831 INFO     ___FILE_ONLY___ < 1 MiB
2024-10-04 13:22:54,831 INFO     ___FILE_ONLY___  
2024-10-04 13:22:54,831 INFO     ___FILE_ONLY___ │
2024-10-04 13:22:54,831 INFO     ___FILE_ONLY___ 

2024-10-04 13:22:54,831 INFO     ___FILE_ONLY___ └───────────────────────┴────────────┴─────────┘
2024-10-04 13:22:54,831 INFO     ___FILE_ONLY___ 

2024-10-04 13:22:54,831 INFO     ___FILE_ONLY___ 

2024-10-04 13:22:54,835 DEBUG    urllib3.connectionpool Starting new HTTPS connection (1): dl.google.com:443
2024-10-04 13:22:54,897 DEBUG    urllib3.connectionpool https://dl.google.com:443 "GET /dl/cloudsdk/channels/rapid/RELEASE_NOTES HTTP/1.1" 200 1281712
2024-10-04 13:22:54,959 INFO     ___FILE_ONLY___ For the latest full release notes, please visit:
  https://cloud.google.com/sdk/release_notes


2024-10-04 13:22:54,960 INFO     ___FILE_ONLY___ Performing in place update...


2024-10-04 13:22:54,962 INFO     ___FILE_ONLY___ ╔════════════════════════════════════════════════════════════╗

2024-10-04 13:22:54,962 INFO     ___FILE_ONLY___ ╠═ Downloading: gcloud Alpha Commands                       ═╣

2024-10-04 13:22:54,962 INFO     ___FILE_ONLY___ ╚
2024-10-04 13:22:54,966 DEBUG    urllib3.connectionpool Starting new HTTPS connection (1): dl.google.com:443
2024-10-04 13:22:55,022 DEBUG    urllib3.connectionpool https://dl.google.com:443 "GET /dl/cloudsdk/channels/rapid/components/google-cloud-sdk-alpha-20240927140238.tar.gz HTTP/1.1" 200 800
2024-10-04 13:22:55,023 INFO     ___FILE_ONLY___ ════════════════════════════════════════════════════════════
2024-10-04 13:22:55,023 INFO     ___FILE_ONLY___ ╝

2024-10-04 13:22:55,025 INFO     ___FILE_ONLY___ ╔════════════════════════════════════════════════════════════╗

2024-10-04 13:22:55,025 INFO     ___FILE_ONLY___ ╠═ Downloading: gcloud Beta Commands                        ═╣

2024-10-04 13:22:55,025 INFO     ___FILE_ONLY___ ╚
2024-10-04 13:22:55,029 DEBUG    urllib3.connectionpool Starting new HTTPS connection (1): dl.google.com:443
2024-10-04 13:22:55,119 DEBUG    urllib3.connectionpool https://dl.google.com:443 "GET /dl/cloudsdk/channels/rapid/components/google-cloud-sdk-beta-20240927140238.tar.gz HTTP/1.1" 200 797
2024-10-04 13:22:55,120 INFO     ___FILE_ONLY___ ════════════════════════════════════════════════════════════
2024-10-04 13:22:55,120 INFO     ___FILE_ONLY___ ╝

2024-10-04 13:22:55,122 INFO     ___FILE_ONLY___ ╔════════════════════════════════════════════════════════════╗

2024-10-04 13:22:55,122 INFO     ___FILE_ONLY___ ╠═ Installing: gcloud Alpha Commands                        ═╣

2024-10-04 13:22:55,122 INFO     ___FILE_ONLY___ ╚
2024-10-04 13:22:55,123 INFO     ___FILE_ONLY___ ════════════════════════════════════════════════════════════
2024-10-04 13:22:55,124 INFO     ___FILE_ONLY___ ╝

2024-10-04 13:22:55,132 INFO     ___FILE_ONLY___ ╔════════════════════════════════════════════════════════════╗

2024-10-04 13:22:55,132 INFO     ___FILE_ONLY___ ╠═ Installing: gcloud Beta Commands                         ═╣

2024-10-04 13:22:55,132 INFO     ___FILE_ONLY___ ╚
2024-10-04 13:22:55,133 INFO     ___FILE_ONLY___ ════════════════════════════════════════════════════════════
2024-10-04 13:22:55,133 INFO     ___FILE_ONLY___ ╝

2024-10-04 13:22:55,142 DEBUG    root            Updating notification cache...
2024-10-04 13:22:55,143 INFO     ___FILE_ONLY___ 

2024-10-04 13:22:55,145 INFO     ___FILE_ONLY___ Performing post processing steps...
2024-10-04 13:22:55,145 DEBUG    root            Executing command: ['/tools/google-cloud-sdk/bin/gcloud', 'components', 'post-process']
2024-10-04 13:23:06,015 DEBUG    ___FILE_ONLY___ 
2024-10-04 13:23:06,016 DEBUG    ___FILE_ONLY___ 
2024-10-04 13:23:06,169 INFO     ___FILE_ONLY___ 
Update done!


2024-10-04 13:23:06,172 DEBUG    root            Chosen display Format:none
2024-10-04 13:23:06,173 INFO     root            Display format: "none"
